c:\users\lenovo\documents\visual studio 2013\projects\searchengine\searchengine\release\searchengine.pch
c:\users\lenovo\documents\visual studio 2013\projects\searchengine\searchengine\release\vc120.pdb
c:\users\lenovo\documents\visual studio 2013\projects\searchengine\searchengine\release\stdafx.obj
c:\users\lenovo\documents\visual studio 2013\projects\searchengine\searchengine\release\searchengine.obj
c:\users\lenovo\documents\visual studio 2013\projects\searchengine\searchengine\release\input.obj
c:\users\lenovo\documents\visual studio 2013\projects\searchengine\searchengine\release\display.obj
c:\users\lenovo\documents\visual studio 2013\projects\searchengine\searchengine\release\check.obj
c:\users\lenovo\documents\visual studio 2013\projects\searchengine\searchengine\release\bool_retrieval.obj
c:\users\lenovo\documents\visual studio 2013\projects\searchengine\release\searchengine.exe
c:\users\lenovo\documents\visual studio 2013\projects\searchengine\release\searchengine.pdb
c:\users\lenovo\documents\visual studio 2013\projects\searchengine\searchengine\release\bool_retrieval.nativecodeanalysis.xml
c:\users\lenovo\documents\visual studio 2013\projects\searchengine\searchengine\release\check.nativecodeanalysis.xml
c:\users\lenovo\documents\visual studio 2013\projects\searchengine\searchengine\release\display.nativecodeanalysis.xml
c:\users\lenovo\documents\visual studio 2013\projects\searchengine\searchengine\release\input.nativecodeanalysis.xml
c:\users\lenovo\documents\visual studio 2013\projects\searchengine\searchengine\release\searchengine.nativecodeanalysis.xml
c:\users\lenovo\documents\visual studio 2013\projects\searchengine\searchengine\release\stdafx.nativecodeanalysis.xml
c:\users\lenovo\documents\visual studio 2013\projects\searchengine\searchengine\release\searchengine.tlog\cl.command.1.tlog
c:\users\lenovo\documents\visual studio 2013\projects\searchengine\searchengine\release\searchengine.tlog\cl.read.1.tlog
c:\users\lenovo\documents\visual studio 2013\projects\searchengine\searchengine\release\searchengine.tlog\cl.write.1.tlog
c:\users\lenovo\documents\visual studio 2013\projects\searchengine\searchengine\release\searchengine.tlog\link.command.1.tlog
c:\users\lenovo\documents\visual studio 2013\projects\searchengine\searchengine\release\searchengine.tlog\link.read.1.tlog
c:\users\lenovo\documents\visual studio 2013\projects\searchengine\searchengine\release\searchengine.tlog\link.write.1.tlog
